[debug] [2021-04-07T14:01:08.655Z] ----------------------------------------------------------------------
[debug] [2021-04-07T14:01:08.657Z] Command:       /usr/local/bin/firebase /Users/kartikgautam/.cache/firebase/tools/lib/node_modules/firebase-tools/lib/bin/firebase deploy
[debug] [2021-04-07T14:01:08.657Z] CLI Version:   8.16.2
[debug] [2021-04-07T14:01:08.657Z] Platform:      darwin
[debug] [2021-04-07T14:01:08.657Z] Node Version:  v12.18.1
[debug] [2021-04-07T14:01:08.662Z] Time:          Wed Apr 07 2021 19:31:08 GMT+0530 (India Standard Time)
[debug] [2021-04-07T14:01:08.662Z] ----------------------------------------------------------------------
[debug] [2021-04-07T14:01:08.662Z] 
[debug] [2021-04-07T14:01:08.663Z] >>> [apiv2][query] GET https://firebase-public.firebaseio.com/cli.json [none]
[debug] [2021-04-07T14:01:08.674Z] > command requires scopes: ["email","openid","https://www.googleapis.com/auth/cloudplatformprojects.readonly","https://www.googleapis.com/auth/firebase","https://www.googleapis.com/auth/cloud-platform"]
[debug] [2021-04-07T14:01:08.675Z] > authorizing via signed-in user
[debug] [2021-04-07T14:01:08.675Z] [iam] checking project mechwell-site for permissions ["firebase.projects.get","firebasehosting.sites.update"]
[debug] [2021-04-07T14:01:08.676Z] > refreshing access token with scopes: ["email","https://www.googleapis.com/auth/cloud-platform","https://www.googleapis.com/auth/cloudplatformprojects.readonly","https://www.googleapis.com/auth/firebase","openid"]
[debug] [2021-04-07T14:01:08.676Z] >>> HTTP REQUEST POST https://www.googleapis.com/oauth2/v3/token  
 <request body omitted>
[debug] [2021-04-07T14:01:08.917Z] <<< HTTP RESPONSE 200 {"pragma":"no-cache","cache-control":"no-cache, no-store, max-age=0, must-revalidate","expires":"Mon, 01 Jan 1990 00:00:00 GMT","date":"Wed, 07 Apr 2021 14:01:09 GMT","content-type":"application/json; charset=utf-8","vary":"X-Origin, Referer, Origin,Accept-Encoding","server":"scaffolding on HTTPServer2","x-xss-protection":"0","x-frame-options":"SAMEORIGIN","x-content-type-options":"nosniff","alt-svc":"h3-29=\":443\"; ma=2592000,h3-T051=\":443\"; ma=2592000,h3-Q050=\":443\"; ma=2592000,h3-Q046=\":443\"; ma=2592000,h3-Q043=\":443\"; ma=2592000,quic=\":443\"; ma=2592000; v=\"46,43\"","accept-ranges":"none","transfer-encoding":"chunked"}
[debug] [2021-04-07T14:01:08.947Z] >>> HTTP REQUEST POST https://cloudresourcemanager.googleapis.com/v1/projects/mechwell-site:testIamPermissions  
 {"permissions":["firebase.projects.get","firebasehosting.sites.update"]}
[debug] [2021-04-07T14:01:09.729Z] <<< [apiv2][status] GET https://firebase-public.firebaseio.com/cli.json 200
[debug] [2021-04-07T14:01:09.730Z] <<< [apiv2][body] GET https://firebase-public.firebaseio.com/cli.json {"cloudBuildErrorAfter":1594252800000,"cloudBuildWarnAfter":1590019200000,"defaultNode10After":1594252800000,"minVersion":"3.0.5","node8DeploysDisabledAfter":1613390400000,"node8RuntimeDisabledAfter":1615809600000,"node8WarnAfter":1600128000000}
[debug] [2021-04-07T14:01:10.683Z] <<< HTTP RESPONSE 200 {"content-type":"application/json; charset=UTF-8","vary":"X-Origin, Referer, Origin,Accept-Encoding","date":"Wed, 07 Apr 2021 14:01:10 GMT","server":"ESF","cache-control":"private","x-xss-protection":"0","x-frame-options":"SAMEORIGIN","x-content-type-options":"nosniff","server-timing":"gfet4t7; dur=1401","alt-svc":"h3-29=\":443\"; ma=2592000,h3-T051=\":443\"; ma=2592000,h3-Q050=\":443\"; ma=2592000,h3-Q046=\":443\"; ma=2592000,h3-Q043=\":443\"; ma=2592000,quic=\":443\"; ma=2592000; v=\"46,43\"","accept-ranges":"none","transfer-encoding":"chunked"}
[debug] [2021-04-07T14:01:10.685Z] >>> HTTP REQUEST GET https://firebase.googleapis.com/v1beta1/projects/mechwell-site  
 
[debug] [2021-04-07T14:01:11.200Z] <<< HTTP RESPONSE 200 {"content-type":"application/json; charset=UTF-8","vary":"X-Origin, Referer, Origin,Accept-Encoding","date":"Wed, 07 Apr 2021 14:01:11 GMT","server":"ESF","cache-control":"private","x-xss-protection":"0","x-frame-options":"SAMEORIGIN","x-content-type-options":"nosniff","alt-svc":"h3-29=\":443\"; ma=2592000,h3-T051=\":443\"; ma=2592000,h3-Q050=\":443\"; ma=2592000,h3-Q046=\":443\"; ma=2592000,h3-Q043=\":443\"; ma=2592000,quic=\":443\"; ma=2592000; v=\"46,43\"","accept-ranges":"none","transfer-encoding":"chunked"}
[info] 
[info] === Deploying to 'mechwell-site'...
[info] 
[info] i  deploying hosting 
[debug] [2021-04-07T14:01:11.206Z] >>> HTTP REQUEST POST https://firebasehosting.googleapis.com/v1beta1/sites/mechwell-site/versions  
 {"config":{"rewrites":[{"glob":"**","path":"/index.html"}]},"labels":{"deployment-tool":"cli-firebase"}}
[debug] [2021-04-07T14:01:13.381Z] <<< HTTP RESPONSE 200 {"content-type":"application/json; charset=UTF-8","vary":"X-Origin, Referer, Origin,Accept-Encoding","date":"Wed, 07 Apr 2021 14:01:13 GMT","server":"ESF","cache-control":"private","x-xss-protection":"0","x-frame-options":"SAMEORIGIN","x-content-type-options":"nosniff","alt-svc":"h3-29=\":443\"; ma=2592000,h3-T051=\":443\"; ma=2592000,h3-Q050=\":443\"; ma=2592000,h3-Q046=\":443\"; ma=2592000,h3-Q043=\":443\"; ma=2592000,quic=\":443\"; ma=2592000; v=\"46,43\"","accept-ranges":"none","transfer-encoding":"chunked"}
[info] i  hosting[mechwell-site]: beginning deploy... 
[info] i  hosting[mechwell-site]: found 109 files in dist/portfolio 
[debug] [2021-04-07T14:01:14.160Z] [hosting] hash cache [ZGlzdC9wb3J0Zm9saW8] stored for 109 files
[debug] [2021-04-07T14:01:14.162Z] [hosting][hash queue][FINAL] {"max":680,"min":14,"avg":145.89908256880733,"active":0,"complete":109,"success":109,"errored":0,"retried":0,"total":109,"elapsed":757}
[debug] [2021-04-07T14:01:14.162Z] >>> HTTP REQUEST POST https://firebasehosting.googleapis.com/v1beta1/sites/mechwell-site/versions/1050284b99b20555:populateFiles  
 <request body omitted>
[debug] [2021-04-07T14:01:16.053Z] <<< HTTP RESPONSE 200 {"content-type":"application/json; charset=UTF-8","vary":"X-Origin, Referer, Origin,Accept-Encoding","date":"Wed, 07 Apr 2021 14:01:16 GMT","server":"ESF","cache-control":"private","x-xss-protection":"0","x-frame-options":"SAMEORIGIN","x-content-type-options":"nosniff","alt-svc":"h3-29=\":443\"; ma=2592000,h3-T051=\":443\"; ma=2592000,h3-Q050=\":443\"; ma=2592000,h3-Q046=\":443\"; ma=2592000,h3-Q043=\":443\"; ma=2592000,quic=\":443\"; ma=2592000; v=\"46,43\"","accept-ranges":"none","transfer-encoding":"chunked"}
[debug] [2021-04-07T14:01:16.065Z] [hosting][populate queue][FINAL] {"max":1899,"min":1899,"avg":1899,"active":0,"complete":1,"success":1,"errored":0,"retried":0,"total":1,"elapsed":1909}
[debug] [2021-04-07T14:01:16.065Z] [hosting] uploads queued: 22
